Arguments: 
  /usr/local/bin/node /usr/local/bin/yarn

PATH: 
  /Users/takumishinoda/.cargo/bin:/Users/takumishinoda/Library/Java/JavaVirtualachine/jdk1.8.0/Home/bin:/Applications/AMPPS/mysql/bin:/Applications/APMMS/php-7.1/bin:/usr/local/Cellar/openssl/1.0.**/bin:/Users/takumishinoda/.yarn/bin:/Users/takumishinoda/.pyenv/shims:/Users/takumishinoda/.pyenv/bin:/Users/takumishinoda/.rbenv/shims:/Users/takumishinoda/.rbenv/bin:/usr/local/bin:/usr/bin:/bin:/usr/sbin:/sbin:/opt/X11/bin:/usr/local/share/dotnet:/Library/Frameworks/Mono.framework/Versions/Current/Commands:/Applications/microchip/xc8/v1.45/bin:/Users/takumishinoda/esp/xtensa-esp32-elf/bin:/usr/local/bin/g++:/Users/takumishinoda/Library/Android/sdk/platform-tools

Yarn version: 
  1.17.3

Node version: 
  12.8.1

Platform: 
  darwin x64

Trace: 
  SyntaxError: /Users/takumishinoda/Documents/Platformio/Projects/ESP_env_monitor/computer_client_new/package.json: Unexpected token } in JSON at position 398
      at JSON.parse (<anonymous>)
      at /usr/local/lib/node_modules/yarn/lib/cli.js:1625:59
      at Generator.next (<anonymous>)
      at step (/usr/local/lib/node_modules/yarn/lib/cli.js:304:30)
      at /usr/local/lib/node_modules/yarn/lib/cli.js:315:13

npm manifest: 
  {
    "name": "computer_client_new",
    "version": "1.0.0",
    "description": "",
    "main": "./dist/app.js",
    "scripts": {
      "test": "echo \"Error: no test specified\" && exit 1",
      "dev": "gulp start"
    },
    "author": "",
    "license": "ISC",
    "dependencies": {
      "jquery": "^3.4.1",
      "react": "^16.9.0",
      "react-dom": "^16.9.0",
      "noble-mac": "git://github.com/Timeular/noble-mac",
    },
    "devDependencies": {
      "@types/jquery": "^3.3.31",
      "@types/node": "^12.7.2",
      "@types/react": "^16.9.2",
      "@types/react-dom": "^16.8.5",
      "electron": "^6.0.2",
      "electron-connect": "^0.6.3",
      "gulp": "^4.0.2",
      "gulp-notify": "^3.2.0",
      "gulp-plumber": "^1.2.1",
      "path": "^0.12.7",
      "react-svg-loader": "^3.0.3",
      "ts-loader": "^6.0.4",
      "typescript": "^3.5.3",
      "webpack": "^4.39.2",
      "webpack-cli": "^3.3.6",
      "webpack-stream": "^5.2.1",
      "yarn": "^1.17.3"
    }
  }

yarn manifest: 
  No manifest

Lockfile: 
  No lockfile
